Linked: (/home/csci545/ros_ws/devel/.private/pr_control_msgs/lib/python3/dist-packages/pr_control_msgs/__init__.py, /home/csci545/ros_ws/devel/lib/python3/dist-packages/pr_control_msgs/__init__.py)
Linked: (/home/csci545/ros_ws/devel/.private/pr_control_msgs/lib/python3/dist-packages/pr_control_msgs/msg/_TriggerAction.py, /home/csci545/ros_ws/devel/lib/python3/dist-packages/pr_control_msgs/msg/_TriggerAction.py)
Linked: (/home/csci545/ros_ws/devel/.private/pr_control_msgs/lib/python3/dist-packages/pr_control_msgs/msg/_SetPositionActionGoal.py, /home/csci545/ros_ws/devel/lib/python3/dist-packages/pr_control_msgs/msg/_SetPositionActionGoal.py)
Linked: (/home/csci545/ros_ws/devel/.private/pr_control_msgs/lib/python3/dist-packages/pr_control_msgs/msg/_SetPositionAction.py, /home/csci545/ros_ws/devel/lib/python3/dist-packages/pr_control_msgs/msg/_SetPositionAction.py)
Linked: (/home/csci545/ros_ws/devel/.private/pr_control_msgs/lib/python3/dist-packages/pr_control_msgs/msg/_TriggerResult.py, /home/csci545/ros_ws/devel/lib/python3/dist-packages/pr_control_msgs/msg/_TriggerResult.py)
Linked: (/home/csci545/ros_ws/devel/.private/pr_control_msgs/lib/python3/dist-packages/pr_control_msgs/msg/_SetPositionResult.py, /home/csci545/ros_ws/devel/lib/python3/dist-packages/pr_control_msgs/msg/_SetPositionResult.py)
Linked: (/home/csci545/ros_ws/devel/.private/pr_control_msgs/lib/python3/dist-packages/pr_control_msgs/msg/_SetForceTorqueThresholdGoal.py, /home/csci545/ros_ws/devel/lib/python3/dist-packages/pr_control_msgs/msg/_SetForceTorqueThresholdGoal.py)
Linked: (/home/csci545/ros_ws/devel/.private/pr_control_msgs/lib/python3/dist-packages/pr_control_msgs/msg/_TriggerFeedback.py, /home/csci545/ros_ws/devel/lib/python3/dist-packages/pr_control_msgs/msg/_TriggerFeedback.py)
Linked: (/home/csci545/ros_ws/devel/.private/pr_control_msgs/lib/python3/dist-packages/pr_control_msgs/msg/_TriggerActionFeedback.py, /home/csci545/ros_ws/devel/lib/python3/dist-packages/pr_control_msgs/msg/_TriggerActionFeedback.py)
Linked: (/home/csci545/ros_ws/devel/.private/pr_control_msgs/lib/python3/dist-packages/pr_control_msgs/msg/_SetPositionGoal.py, /home/csci545/ros_ws/devel/lib/python3/dist-packages/pr_control_msgs/msg/_SetPositionGoal.py)
Linked: (/home/csci545/ros_ws/devel/.private/pr_control_msgs/lib/python3/dist-packages/pr_control_msgs/msg/_SetForceTorqueThresholdFeedback.py, /home/csci545/ros_ws/devel/lib/python3/dist-packages/pr_control_msgs/msg/_SetForceTorqueThresholdFeedback.py)
Linked: (/home/csci545/ros_ws/devel/.private/pr_control_msgs/lib/python3/dist-packages/pr_control_msgs/msg/_TriggerActionGoal.py, /home/csci545/ros_ws/devel/lib/python3/dist-packages/pr_control_msgs/msg/_TriggerActionGoal.py)
Linked: (/home/csci545/ros_ws/devel/.private/pr_control_msgs/lib/python3/dist-packages/pr_control_msgs/msg/_SetForceTorqueThresholdResult.py, /home/csci545/ros_ws/devel/lib/python3/dist-packages/pr_control_msgs/msg/_SetForceTorqueThresholdResult.py)
Linked: (/home/csci545/ros_ws/devel/.private/pr_control_msgs/lib/python3/dist-packages/pr_control_msgs/msg/__init__.py, /home/csci545/ros_ws/devel/lib/python3/dist-packages/pr_control_msgs/msg/__init__.py)
Linked: (/home/csci545/ros_ws/devel/.private/pr_control_msgs/lib/python3/dist-packages/pr_control_msgs/msg/_SetForceTorqueThresholdActionFeedback.py, /home/csci545/ros_ws/devel/lib/python3/dist-packages/pr_control_msgs/msg/_SetForceTorqueThresholdActionFeedback.py)
Linked: (/home/csci545/ros_ws/devel/.private/pr_control_msgs/lib/python3/dist-packages/pr_control_msgs/msg/_SetPositionActionResult.py, /home/csci545/ros_ws/devel/lib/python3/dist-packages/pr_control_msgs/msg/_SetPositionActionResult.py)
Linked: (/home/csci545/ros_ws/devel/.private/pr_control_msgs/lib/python3/dist-packages/pr_control_msgs/msg/_SetPositionFeedback.py, /home/csci545/ros_ws/devel/lib/python3/dist-packages/pr_control_msgs/msg/_SetPositionFeedback.py)
Linked: (/home/csci545/ros_ws/devel/.private/pr_control_msgs/lib/python3/dist-packages/pr_control_msgs/msg/_SetForceTorqueThresholdActionGoal.py, /home/csci545/ros_ws/devel/lib/python3/dist-packages/pr_control_msgs/msg/_SetForceTorqueThresholdActionGoal.py)
Linked: (/home/csci545/ros_ws/devel/.private/pr_control_msgs/lib/python3/dist-packages/pr_control_msgs/msg/_SetForceTorqueThresholdAction.py, /home/csci545/ros_ws/devel/lib/python3/dist-packages/pr_control_msgs/msg/_SetForceTorqueThresholdAction.py)
Linked: (/home/csci545/ros_ws/devel/.private/pr_control_msgs/lib/python3/dist-packages/pr_control_msgs/msg/_TriggerActionResult.py, /home/csci545/ros_ws/devel/lib/python3/dist-packages/pr_control_msgs/msg/_TriggerActionResult.py)
Linked: (/home/csci545/ros_ws/devel/.private/pr_control_msgs/lib/python3/dist-packages/pr_control_msgs/msg/_SetForceTorqueThresholdActionResult.py, /home/csci545/ros_ws/devel/lib/python3/dist-packages/pr_control_msgs/msg/_SetForceTorqueThresholdActionResult.py)
Linked: (/home/csci545/ros_ws/devel/.private/pr_control_msgs/lib/python3/dist-packages/pr_control_msgs/msg/_TriggerGoal.py, /home/csci545/ros_ws/devel/lib/python3/dist-packages/pr_control_msgs/msg/_TriggerGoal.py)
Linked: (/home/csci545/ros_ws/devel/.private/pr_control_msgs/lib/python3/dist-packages/pr_control_msgs/msg/_SetPositionActionFeedback.py, /home/csci545/ros_ws/devel/lib/python3/dist-packages/pr_control_msgs/msg/_SetPositionActionFeedback.py)
Linked: (/home/csci545/ros_ws/devel/.private/pr_control_msgs/lib/pkgconfig/pr_control_msgs.pc, /home/csci545/ros_ws/devel/lib/pkgconfig/pr_control_msgs.pc)
Linked: (/home/csci545/ros_ws/devel/.private/pr_control_msgs/include/pr_control_msgs/SetPositionFeedback.h, /home/csci545/ros_ws/devel/include/pr_control_msgs/SetPositionFeedback.h)
Linked: (/home/csci545/ros_ws/devel/.private/pr_control_msgs/include/pr_control_msgs/SetForceTorqueThresholdGoal.h, /home/csci545/ros_ws/devel/include/pr_control_msgs/SetForceTorqueThresholdGoal.h)
Linked: (/home/csci545/ros_ws/devel/.private/pr_control_msgs/include/pr_control_msgs/SetForceTorqueThresholdAction.h, /home/csci545/ros_ws/devel/include/pr_control_msgs/SetForceTorqueThresholdAction.h)
Linked: (/home/csci545/ros_ws/devel/.private/pr_control_msgs/include/pr_control_msgs/TriggerFeedback.h, /home/csci545/ros_ws/devel/include/pr_control_msgs/TriggerFeedback.h)
Linked: (/home/csci545/ros_ws/devel/.private/pr_control_msgs/include/pr_control_msgs/SetForceTorqueThresholdResult.h, /home/csci545/ros_ws/devel/include/pr_control_msgs/SetForceTorqueThresholdResult.h)
Linked: (/home/csci545/ros_ws/devel/.private/pr_control_msgs/include/pr_control_msgs/TriggerResult.h, /home/csci545/ros_ws/devel/include/pr_control_msgs/TriggerResult.h)
Linked: (/home/csci545/ros_ws/devel/.private/pr_control_msgs/include/pr_control_msgs/SetPositionActionGoal.h, /home/csci545/ros_ws/devel/include/pr_control_msgs/SetPositionActionGoal.h)
Linked: (/home/csci545/ros_ws/devel/.private/pr_control_msgs/include/pr_control_msgs/TriggerActionGoal.h, /home/csci545/ros_ws/devel/include/pr_control_msgs/TriggerActionGoal.h)
Linked: (/home/csci545/ros_ws/devel/.private/pr_control_msgs/include/pr_control_msgs/SetPositionGoal.h, /home/csci545/ros_ws/devel/include/pr_control_msgs/SetPositionGoal.h)
Linked: (/home/csci545/ros_ws/devel/.private/pr_control_msgs/include/pr_control_msgs/TriggerActionResult.h, /home/csci545/ros_ws/devel/include/pr_control_msgs/TriggerActionResult.h)
Linked: (/home/csci545/ros_ws/devel/.private/pr_control_msgs/include/pr_control_msgs/SetForceTorqueThresholdFeedback.h, /home/csci545/ros_ws/devel/include/pr_control_msgs/SetForceTorqueThresholdFeedback.h)
Linked: (/home/csci545/ros_ws/devel/.private/pr_control_msgs/include/pr_control_msgs/SetForceTorqueThresholdActionGoal.h, /home/csci545/ros_ws/devel/include/pr_control_msgs/SetForceTorqueThresholdActionGoal.h)
Linked: (/home/csci545/ros_ws/devel/.private/pr_control_msgs/include/pr_control_msgs/SetForceTorqueThresholdActionFeedback.h, /home/csci545/ros_ws/devel/include/pr_control_msgs/SetForceTorqueThresholdActionFeedback.h)
Linked: (/home/csci545/ros_ws/devel/.private/pr_control_msgs/include/pr_control_msgs/SetPositionAction.h, /home/csci545/ros_ws/devel/include/pr_control_msgs/SetPositionAction.h)
Linked: (/home/csci545/ros_ws/devel/.private/pr_control_msgs/include/pr_control_msgs/TriggerActionFeedback.h, /home/csci545/ros_ws/devel/include/pr_control_msgs/TriggerActionFeedback.h)
Linked: (/home/csci545/ros_ws/devel/.private/pr_control_msgs/include/pr_control_msgs/SetPositionActionFeedback.h, /home/csci545/ros_ws/devel/include/pr_control_msgs/SetPositionActionFeedback.h)
Linked: (/home/csci545/ros_ws/devel/.private/pr_control_msgs/include/pr_control_msgs/TriggerGoal.h, /home/csci545/ros_ws/devel/include/pr_control_msgs/TriggerGoal.h)
Linked: (/home/csci545/ros_ws/devel/.private/pr_control_msgs/include/pr_control_msgs/SetForceTorqueThresholdActionResult.h, /home/csci545/ros_ws/devel/include/pr_control_msgs/SetForceTorqueThresholdActionResult.h)
Linked: (/home/csci545/ros_ws/devel/.private/pr_control_msgs/include/pr_control_msgs/TriggerAction.h, /home/csci545/ros_ws/devel/include/pr_control_msgs/TriggerAction.h)
Linked: (/home/csci545/ros_ws/devel/.private/pr_control_msgs/include/pr_control_msgs/SetPositionActionResult.h, /home/csci545/ros_ws/devel/include/pr_control_msgs/SetPositionActionResult.h)
Linked: (/home/csci545/ros_ws/devel/.private/pr_control_msgs/include/pr_control_msgs/SetPositionResult.h, /home/csci545/ros_ws/devel/include/pr_control_msgs/SetPositionResult.h)
Linked: (/home/csci545/ros_ws/devel/.private/pr_control_msgs/share/common-lisp/ros/pr_control_msgs/msg/SetPositionActionResult.lisp, /home/csci545/ros_ws/devel/share/common-lisp/ros/pr_control_msgs/msg/SetPositionActionResult.lisp)
Linked: (/home/csci545/ros_ws/devel/.private/pr_control_msgs/share/common-lisp/ros/pr_control_msgs/msg/_package_SetForceTorqueThresholdAction.lisp, /home/csci545/ros_ws/devel/share/common-lisp/ros/pr_control_msgs/msg/_package_SetForceTorqueThresholdAction.lisp)
Linked: (/home/csci545/ros_ws/devel/.private/pr_control_msgs/share/common-lisp/ros/pr_control_msgs/msg/_package_SetForceTorqueThresholdGoal.lisp, /home/csci545/ros_ws/devel/share/common-lisp/ros/pr_control_msgs/msg/_package_SetForceTorqueThresholdGoal.lisp)
Linked: (/home/csci545/ros_ws/devel/.private/pr_control_msgs/share/common-lisp/ros/pr_control_msgs/msg/_package.lisp, /home/csci545/ros_ws/devel/share/common-lisp/ros/pr_control_msgs/msg/_package.lisp)
Linked: (/home/csci545/ros_ws/devel/.private/pr_control_msgs/share/common-lisp/ros/pr_control_msgs/msg/_package_SetForceTorqueThresholdActionFeedback.lisp, /home/csci545/ros_ws/devel/share/common-lisp/ros/pr_control_msgs/msg/_package_SetForceTorqueThresholdActionFeedback.lisp)
Linked: (/home/csci545/ros_ws/devel/.private/pr_control_msgs/share/common-lisp/ros/pr_control_msgs/msg/TriggerActionResult.lisp, /home/csci545/ros_ws/devel/share/common-lisp/ros/pr_control_msgs/msg/TriggerActionResult.lisp)
Linked: (/home/csci545/ros_ws/devel/.private/pr_control_msgs/share/common-lisp/ros/pr_control_msgs/msg/SetForceTorqueThresholdActionGoal.lisp, /home/csci545/ros_ws/devel/share/common-lisp/ros/pr_control_msgs/msg/SetForceTorqueThresholdActionGoal.lisp)
Linked: (/home/csci545/ros_ws/devel/.private/pr_control_msgs/share/common-lisp/ros/pr_control_msgs/msg/SetPositionGoal.lisp, /home/csci545/ros_ws/devel/share/common-lisp/ros/pr_control_msgs/msg/SetPositionGoal.lisp)
Linked: (/home/csci545/ros_ws/devel/.private/pr_control_msgs/share/common-lisp/ros/pr_control_msgs/msg/SetForceTorqueThresholdAction.lisp, /home/csci545/ros_ws/devel/share/common-lisp/ros/pr_control_msgs/msg/SetForceTorqueThresholdAction.lisp)
Linked: (/home/csci545/ros_ws/devel/.private/pr_control_msgs/share/common-lisp/ros/pr_control_msgs/msg/SetForceTorqueThresholdActionResult.lisp, /home/csci545/ros_ws/devel/share/common-lisp/ros/pr_control_msgs/msg/SetForceTorqueThresholdActionResult.lisp)
Linked: (/home/csci545/ros_ws/devel/.private/pr_control_msgs/share/common-lisp/ros/pr_control_msgs/msg/SetForceTorqueThresholdGoal.lisp, /home/csci545/ros_ws/devel/share/common-lisp/ros/pr_control_msgs/msg/SetForceTorqueThresholdGoal.lisp)
Linked: (/home/csci545/ros_ws/devel/.private/pr_control_msgs/share/common-lisp/ros/pr_control_msgs/msg/SetPositionActionFeedback.lisp, /home/csci545/ros_ws/devel/share/common-lisp/ros/pr_control_msgs/msg/SetPositionActionFeedback.lisp)
Linked: (/home/csci545/ros_ws/devel/.private/pr_control_msgs/share/common-lisp/ros/pr_control_msgs/msg/_package_SetPositionResult.lisp, /home/csci545/ros_ws/devel/share/common-lisp/ros/pr_control_msgs/msg/_package_SetPositionResult.lisp)
Linked: (/home/csci545/ros_ws/devel/.private/pr_control_msgs/share/common-lisp/ros/pr_control_msgs/msg/TriggerActionGoal.lisp, /home/csci545/ros_ws/devel/share/common-lisp/ros/pr_control_msgs/msg/TriggerActionGoal.lisp)
Linked: (/home/csci545/ros_ws/devel/.private/pr_control_msgs/share/common-lisp/ros/pr_control_msgs/msg/SetForceTorqueThresholdActionFeedback.lisp, /home/csci545/ros_ws/devel/share/common-lisp/ros/pr_control_msgs/msg/SetForceTorqueThresholdActionFeedback.lisp)
Linked: (/home/csci545/ros_ws/devel/.private/pr_control_msgs/share/common-lisp/ros/pr_control_msgs/msg/_package_SetPositionFeedback.lisp, /home/csci545/ros_ws/devel/share/common-lisp/ros/pr_control_msgs/msg/_package_SetPositionFeedback.lisp)
Linked: (/home/csci545/ros_ws/devel/.private/pr_control_msgs/share/common-lisp/ros/pr_control_msgs/msg/TriggerActionFeedback.lisp, /home/csci545/ros_ws/devel/share/common-lisp/ros/pr_control_msgs/msg/TriggerActionFeedback.lisp)
Linked: (/home/csci545/ros_ws/devel/.private/pr_control_msgs/share/common-lisp/ros/pr_control_msgs/msg/TriggerResult.lisp, /home/csci545/ros_ws/devel/share/common-lisp/ros/pr_control_msgs/msg/TriggerResult.lisp)
Linked: (/home/csci545/ros_ws/devel/.private/pr_control_msgs/share/common-lisp/ros/pr_control_msgs/msg/TriggerAction.lisp, /home/csci545/ros_ws/devel/share/common-lisp/ros/pr_control_msgs/msg/TriggerAction.lisp)
Linked: (/home/csci545/ros_ws/devel/.private/pr_control_msgs/share/common-lisp/ros/pr_control_msgs/msg/_package_TriggerGoal.lisp, /home/csci545/ros_ws/devel/share/common-lisp/ros/pr_control_msgs/msg/_package_TriggerGoal.lisp)
Linked: (/home/csci545/ros_ws/devel/.private/pr_control_msgs/share/common-lisp/ros/pr_control_msgs/msg/SetForceTorqueThresholdFeedback.lisp, /home/csci545/ros_ws/devel/share/common-lisp/ros/pr_control_msgs/msg/SetForceTorqueThresholdFeedback.lisp)
Linked: (/home/csci545/ros_ws/devel/.private/pr_control_msgs/share/common-lisp/ros/pr_control_msgs/msg/_package_SetForceTorqueThresholdActionGoal.lisp, /home/csci545/ros_ws/devel/share/common-lisp/ros/pr_control_msgs/msg/_package_SetForceTorqueThresholdActionGoal.lisp)
Linked: (/home/csci545/ros_ws/devel/.private/pr_control_msgs/share/common-lisp/ros/pr_control_msgs/msg/_package_TriggerAction.lisp, /home/csci545/ros_ws/devel/share/common-lisp/ros/pr_control_msgs/msg/_package_TriggerAction.lisp)
Linked: (/home/csci545/ros_ws/devel/.private/pr_control_msgs/share/common-lisp/ros/pr_control_msgs/msg/_package_SetPositionActionGoal.lisp, /home/csci545/ros_ws/devel/share/common-lisp/ros/pr_control_msgs/msg/_package_SetPositionActionGoal.lisp)
Linked: (/home/csci545/ros_ws/devel/.private/pr_control_msgs/share/common-lisp/ros/pr_control_msgs/msg/_package_SetPositionAction.lisp, /home/csci545/ros_ws/devel/share/common-lisp/ros/pr_control_msgs/msg/_package_SetPositionAction.lisp)
Linked: (/home/csci545/ros_ws/devel/.private/pr_control_msgs/share/common-lisp/ros/pr_control_msgs/msg/_package_TriggerFeedback.lisp, /home/csci545/ros_ws/devel/share/common-lisp/ros/pr_control_msgs/msg/_package_TriggerFeedback.lisp)
Linked: (/home/csci545/ros_ws/devel/.private/pr_control_msgs/share/common-lisp/ros/pr_control_msgs/msg/_package_SetPositionActionResult.lisp, /home/csci545/ros_ws/devel/share/common-lisp/ros/pr_control_msgs/msg/_package_SetPositionActionResult.lisp)
Linked: (/home/csci545/ros_ws/devel/.private/pr_control_msgs/share/common-lisp/ros/pr_control_msgs/msg/SetPositionFeedback.lisp, /home/csci545/ros_ws/devel/share/common-lisp/ros/pr_control_msgs/msg/SetPositionFeedback.lisp)
Linked: (/home/csci545/ros_ws/devel/.private/pr_control_msgs/share/common-lisp/ros/pr_control_msgs/msg/SetPositionActionGoal.lisp, /home/csci545/ros_ws/devel/share/common-lisp/ros/pr_control_msgs/msg/SetPositionActionGoal.lisp)
Linked: (/home/csci545/ros_ws/devel/.private/pr_control_msgs/share/common-lisp/ros/pr_control_msgs/msg/_package_TriggerActionFeedback.lisp, /home/csci545/ros_ws/devel/share/common-lisp/ros/pr_control_msgs/msg/_package_TriggerActionFeedback.lisp)
Linked: (/home/csci545/ros_ws/devel/.private/pr_control_msgs/share/common-lisp/ros/pr_control_msgs/msg/pr_control_msgs-msg.asd, /home/csci545/ros_ws/devel/share/common-lisp/ros/pr_control_msgs/msg/pr_control_msgs-msg.asd)
Linked: (/home/csci545/ros_ws/devel/.private/pr_control_msgs/share/common-lisp/ros/pr_control_msgs/msg/_package_SetForceTorqueThresholdActionResult.lisp, /home/csci545/ros_ws/devel/share/common-lisp/ros/pr_control_msgs/msg/_package_SetForceTorqueThresholdActionResult.lisp)
Linked: (/home/csci545/ros_ws/devel/.private/pr_control_msgs/share/common-lisp/ros/pr_control_msgs/msg/_package_TriggerResult.lisp, /home/csci545/ros_ws/devel/share/common-lisp/ros/pr_control_msgs/msg/_package_TriggerResult.lisp)
Linked: (/home/csci545/ros_ws/devel/.private/pr_control_msgs/share/common-lisp/ros/pr_control_msgs/msg/_package_SetPositionActionFeedback.lisp, /home/csci545/ros_ws/devel/share/common-lisp/ros/pr_control_msgs/msg/_package_SetPositionActionFeedback.lisp)
Linked: (/home/csci545/ros_ws/devel/.private/pr_control_msgs/share/common-lisp/ros/pr_control_msgs/msg/SetPositionResult.lisp, /home/csci545/ros_ws/devel/share/common-lisp/ros/pr_control_msgs/msg/SetPositionResult.lisp)
Linked: (/home/csci545/ros_ws/devel/.private/pr_control_msgs/share/common-lisp/ros/pr_control_msgs/msg/_package_SetForceTorqueThresholdFeedback.lisp, /home/csci545/ros_ws/devel/share/common-lisp/ros/pr_control_msgs/msg/_package_SetForceTorqueThresholdFeedback.lisp)
Linked: (/home/csci545/ros_ws/devel/.private/pr_control_msgs/share/common-lisp/ros/pr_control_msgs/msg/SetPositionAction.lisp, /home/csci545/ros_ws/devel/share/common-lisp/ros/pr_control_msgs/msg/SetPositionAction.lisp)
Linked: (/home/csci545/ros_ws/devel/.private/pr_control_msgs/share/common-lisp/ros/pr_control_msgs/msg/SetForceTorqueThresholdResult.lisp, /home/csci545/ros_ws/devel/share/common-lisp/ros/pr_control_msgs/msg/SetForceTorqueThresholdResult.lisp)
Linked: (/home/csci545/ros_ws/devel/.private/pr_control_msgs/share/common-lisp/ros/pr_control_msgs/msg/_package_SetPositionGoal.lisp, /home/csci545/ros_ws/devel/share/common-lisp/ros/pr_control_msgs/msg/_package_SetPositionGoal.lisp)
Linked: (/home/csci545/ros_ws/devel/.private/pr_control_msgs/share/common-lisp/ros/pr_control_msgs/msg/_package_SetForceTorqueThresholdResult.lisp, /home/csci545/ros_ws/devel/share/common-lisp/ros/pr_control_msgs/msg/_package_SetForceTorqueThresholdResult.lisp)
Linked: (/home/csci545/ros_ws/devel/.private/pr_control_msgs/share/common-lisp/ros/pr_control_msgs/msg/TriggerFeedback.lisp, /home/csci545/ros_ws/devel/share/common-lisp/ros/pr_control_msgs/msg/TriggerFeedback.lisp)
Linked: (/home/csci545/ros_ws/devel/.private/pr_control_msgs/share/common-lisp/ros/pr_control_msgs/msg/TriggerGoal.lisp, /home/csci545/ros_ws/devel/share/common-lisp/ros/pr_control_msgs/msg/TriggerGoal.lisp)
Linked: (/home/csci545/ros_ws/devel/.private/pr_control_msgs/share/common-lisp/ros/pr_control_msgs/msg/_package_TriggerActionGoal.lisp, /home/csci545/ros_ws/devel/share/common-lisp/ros/pr_control_msgs/msg/_package_TriggerActionGoal.lisp)
Linked: (/home/csci545/ros_ws/devel/.private/pr_control_msgs/share/common-lisp/ros/pr_control_msgs/msg/_package_TriggerActionResult.lisp, /home/csci545/ros_ws/devel/share/common-lisp/ros/pr_control_msgs/msg/_package_TriggerActionResult.lisp)
Linked: (/home/csci545/ros_ws/devel/.private/pr_control_msgs/share/gennodejs/ros/pr_control_msgs/_index.js, /home/csci545/ros_ws/devel/share/gennodejs/ros/pr_control_msgs/_index.js)
Linked: (/home/csci545/ros_ws/devel/.private/pr_control_msgs/share/gennodejs/ros/pr_control_msgs/msg/SetForceTorqueThresholdResult.js, /home/csci545/ros_ws/devel/share/gennodejs/ros/pr_control_msgs/msg/SetForceTorqueThresholdResult.js)
Linked: (/home/csci545/ros_ws/devel/.private/pr_control_msgs/share/gennodejs/ros/pr_control_msgs/msg/SetPositionGoal.js, /home/csci545/ros_ws/devel/share/gennodejs/ros/pr_control_msgs/msg/SetPositionGoal.js)
Linked: (/home/csci545/ros_ws/devel/.private/pr_control_msgs/share/gennodejs/ros/pr_control_msgs/msg/TriggerActionResult.js, /home/csci545/ros_ws/devel/share/gennodejs/ros/pr_control_msgs/msg/TriggerActionResult.js)
Linked: (/home/csci545/ros_ws/devel/.private/pr_control_msgs/share/gennodejs/ros/pr_control_msgs/msg/_index.js, /home/csci545/ros_ws/devel/share/gennodejs/ros/pr_control_msgs/msg/_index.js)
Linked: (/home/csci545/ros_ws/devel/.private/pr_control_msgs/share/gennodejs/ros/pr_control_msgs/msg/SetForceTorqueThresholdGoal.js, /home/csci545/ros_ws/devel/share/gennodejs/ros/pr_control_msgs/msg/SetForceTorqueThresholdGoal.js)
Linked: (/home/csci545/ros_ws/devel/.private/pr_control_msgs/share/gennodejs/ros/pr_control_msgs/msg/SetPositionActionFeedback.js, /home/csci545/ros_ws/devel/share/gennodejs/ros/pr_control_msgs/msg/SetPositionActionFeedback.js)
Linked: (/home/csci545/ros_ws/devel/.private/pr_control_msgs/share/gennodejs/ros/pr_control_msgs/msg/TriggerAction.js, /home/csci545/ros_ws/devel/share/gennodejs/ros/pr_control_msgs/msg/TriggerAction.js)
Linked: (/home/csci545/ros_ws/devel/.private/pr_control_msgs/share/gennodejs/ros/pr_control_msgs/msg/SetPositionActionResult.js, /home/csci545/ros_ws/devel/share/gennodejs/ros/pr_control_msgs/msg/SetPositionActionResult.js)
Linked: (/home/csci545/ros_ws/devel/.private/pr_control_msgs/share/gennodejs/ros/pr_control_msgs/msg/TriggerGoal.js, /home/csci545/ros_ws/devel/share/gennodejs/ros/pr_control_msgs/msg/TriggerGoal.js)
Linked: (/home/csci545/ros_ws/devel/.private/pr_control_msgs/share/gennodejs/ros/pr_control_msgs/msg/SetPositionResult.js, /home/csci545/ros_ws/devel/share/gennodejs/ros/pr_control_msgs/msg/SetPositionResult.js)
Linked: (/home/csci545/ros_ws/devel/.private/pr_control_msgs/share/gennodejs/ros/pr_control_msgs/msg/TriggerActionFeedback.js, /home/csci545/ros_ws/devel/share/gennodejs/ros/pr_control_msgs/msg/TriggerActionFeedback.js)
Linked: (/home/csci545/ros_ws/devel/.private/pr_control_msgs/share/gennodejs/ros/pr_control_msgs/msg/SetForceTorqueThresholdAction.js, /home/csci545/ros_ws/devel/share/gennodejs/ros/pr_control_msgs/msg/SetForceTorqueThresholdAction.js)
Linked: (/home/csci545/ros_ws/devel/.private/pr_control_msgs/share/gennodejs/ros/pr_control_msgs/msg/SetForceTorqueThresholdActionFeedback.js, /home/csci545/ros_ws/devel/share/gennodejs/ros/pr_control_msgs/msg/SetForceTorqueThresholdActionFeedback.js)
Linked: (/home/csci545/ros_ws/devel/.private/pr_control_msgs/share/gennodejs/ros/pr_control_msgs/msg/SetPositionAction.js, /home/csci545/ros_ws/devel/share/gennodejs/ros/pr_control_msgs/msg/SetPositionAction.js)
Linked: (/home/csci545/ros_ws/devel/.private/pr_control_msgs/share/gennodejs/ros/pr_control_msgs/msg/TriggerActionGoal.js, /home/csci545/ros_ws/devel/share/gennodejs/ros/pr_control_msgs/msg/TriggerActionGoal.js)
Linked: (/home/csci545/ros_ws/devel/.private/pr_control_msgs/share/gennodejs/ros/pr_control_msgs/msg/TriggerResult.js, /home/csci545/ros_ws/devel/share/gennodejs/ros/pr_control_msgs/msg/TriggerResult.js)
Linked: (/home/csci545/ros_ws/devel/.private/pr_control_msgs/share/gennodejs/ros/pr_control_msgs/msg/SetForceTorqueThresholdActionGoal.js, /home/csci545/ros_ws/devel/share/gennodejs/ros/pr_control_msgs/msg/SetForceTorqueThresholdActionGoal.js)
Linked: (/home/csci545/ros_ws/devel/.private/pr_control_msgs/share/gennodejs/ros/pr_control_msgs/msg/SetForceTorqueThresholdFeedback.js, /home/csci545/ros_ws/devel/share/gennodejs/ros/pr_control_msgs/msg/SetForceTorqueThresholdFeedback.js)
Linked: (/home/csci545/ros_ws/devel/.private/pr_control_msgs/share/gennodejs/ros/pr_control_msgs/msg/SetForceTorqueThresholdActionResult.js, /home/csci545/ros_ws/devel/share/gennodejs/ros/pr_control_msgs/msg/SetForceTorqueThresholdActionResult.js)
Linked: (/home/csci545/ros_ws/devel/.private/pr_control_msgs/share/gennodejs/ros/pr_control_msgs/msg/SetPositionFeedback.js, /home/csci545/ros_ws/devel/share/gennodejs/ros/pr_control_msgs/msg/SetPositionFeedback.js)
Linked: (/home/csci545/ros_ws/devel/.private/pr_control_msgs/share/gennodejs/ros/pr_control_msgs/msg/SetPositionActionGoal.js, /home/csci545/ros_ws/devel/share/gennodejs/ros/pr_control_msgs/msg/SetPositionActionGoal.js)
Linked: (/home/csci545/ros_ws/devel/.private/pr_control_msgs/share/gennodejs/ros/pr_control_msgs/msg/TriggerFeedback.js, /home/csci545/ros_ws/devel/share/gennodejs/ros/pr_control_msgs/msg/TriggerFeedback.js)
Linked: (/home/csci545/ros_ws/devel/.private/pr_control_msgs/share/pr_control_msgs/msg/TriggerAction.msg, /home/csci545/ros_ws/devel/share/pr_control_msgs/msg/TriggerAction.msg)
Linked: (/home/csci545/ros_ws/devel/.private/pr_control_msgs/share/pr_control_msgs/msg/SetForceTorqueThresholdAction.msg, /home/csci545/ros_ws/devel/share/pr_control_msgs/msg/SetForceTorqueThresholdAction.msg)
Linked: (/home/csci545/ros_ws/devel/.private/pr_control_msgs/share/pr_control_msgs/msg/TriggerResult.msg, /home/csci545/ros_ws/devel/share/pr_control_msgs/msg/TriggerResult.msg)
Linked: (/home/csci545/ros_ws/devel/.private/pr_control_msgs/share/pr_control_msgs/msg/SetPositionActionGoal.msg, /home/csci545/ros_ws/devel/share/pr_control_msgs/msg/SetPositionActionGoal.msg)
Linked: (/home/csci545/ros_ws/devel/.private/pr_control_msgs/share/pr_control_msgs/msg/TriggerActionGoal.msg, /home/csci545/ros_ws/devel/share/pr_control_msgs/msg/TriggerActionGoal.msg)
Linked: (/home/csci545/ros_ws/devel/.private/pr_control_msgs/share/pr_control_msgs/msg/SetPositionFeedback.msg, /home/csci545/ros_ws/devel/share/pr_control_msgs/msg/SetPositionFeedback.msg)
Linked: (/home/csci545/ros_ws/devel/.private/pr_control_msgs/share/pr_control_msgs/msg/TriggerActionFeedback.msg, /home/csci545/ros_ws/devel/share/pr_control_msgs/msg/TriggerActionFeedback.msg)
Linked: (/home/csci545/ros_ws/devel/.private/pr_control_msgs/share/pr_control_msgs/msg/SetPositionResult.msg, /home/csci545/ros_ws/devel/share/pr_control_msgs/msg/SetPositionResult.msg)
Linked: (/home/csci545/ros_ws/devel/.private/pr_control_msgs/share/pr_control_msgs/msg/SetForceTorqueThresholdActionFeedback.msg, /home/csci545/ros_ws/devel/share/pr_control_msgs/msg/SetForceTorqueThresholdActionFeedback.msg)
Linked: (/home/csci545/ros_ws/devel/.private/pr_control_msgs/share/pr_control_msgs/msg/SetPositionGoal.msg, /home/csci545/ros_ws/devel/share/pr_control_msgs/msg/SetPositionGoal.msg)
Linked: (/home/csci545/ros_ws/devel/.private/pr_control_msgs/share/pr_control_msgs/msg/TriggerGoal.msg, /home/csci545/ros_ws/devel/share/pr_control_msgs/msg/TriggerGoal.msg)
Linked: (/home/csci545/ros_ws/devel/.private/pr_control_msgs/share/pr_control_msgs/msg/SetPositionActionFeedback.msg, /home/csci545/ros_ws/devel/share/pr_control_msgs/msg/SetPositionActionFeedback.msg)
Linked: (/home/csci545/ros_ws/devel/.private/pr_control_msgs/share/pr_control_msgs/msg/SetForceTorqueThresholdFeedback.msg, /home/csci545/ros_ws/devel/share/pr_control_msgs/msg/SetForceTorqueThresholdFeedback.msg)
Linked: (/home/csci545/ros_ws/devel/.private/pr_control_msgs/share/pr_control_msgs/msg/SetForceTorqueThresholdActionGoal.msg, /home/csci545/ros_ws/devel/share/pr_control_msgs/msg/SetForceTorqueThresholdActionGoal.msg)
Linked: (/home/csci545/ros_ws/devel/.private/pr_control_msgs/share/pr_control_msgs/msg/SetForceTorqueThresholdResult.msg, /home/csci545/ros_ws/devel/share/pr_control_msgs/msg/SetForceTorqueThresholdResult.msg)
Linked: (/home/csci545/ros_ws/devel/.private/pr_control_msgs/share/pr_control_msgs/msg/SetPositionAction.msg, /home/csci545/ros_ws/devel/share/pr_control_msgs/msg/SetPositionAction.msg)
Linked: (/home/csci545/ros_ws/devel/.private/pr_control_msgs/share/pr_control_msgs/msg/SetForceTorqueThresholdActionResult.msg, /home/csci545/ros_ws/devel/share/pr_control_msgs/msg/SetForceTorqueThresholdActionResult.msg)
Linked: (/home/csci545/ros_ws/devel/.private/pr_control_msgs/share/pr_control_msgs/msg/TriggerFeedback.msg, /home/csci545/ros_ws/devel/share/pr_control_msgs/msg/TriggerFeedback.msg)
Linked: (/home/csci545/ros_ws/devel/.private/pr_control_msgs/share/pr_control_msgs/msg/SetPositionActionResult.msg, /home/csci545/ros_ws/devel/share/pr_control_msgs/msg/SetPositionActionResult.msg)
Linked: (/home/csci545/ros_ws/devel/.private/pr_control_msgs/share/pr_control_msgs/msg/SetForceTorqueThresholdGoal.msg, /home/csci545/ros_ws/devel/share/pr_control_msgs/msg/SetForceTorqueThresholdGoal.msg)
Linked: (/home/csci545/ros_ws/devel/.private/pr_control_msgs/share/pr_control_msgs/msg/TriggerActionResult.msg, /home/csci545/ros_ws/devel/share/pr_control_msgs/msg/TriggerActionResult.msg)
Linked: (/home/csci545/ros_ws/devel/.private/pr_control_msgs/share/pr_control_msgs/cmake/pr_control_msgsConfig-version.cmake, /home/csci545/ros_ws/devel/share/pr_control_msgs/cmake/pr_control_msgsConfig-version.cmake)
Linked: (/home/csci545/ros_ws/devel/.private/pr_control_msgs/share/pr_control_msgs/cmake/pr_control_msgs-msg-paths.cmake, /home/csci545/ros_ws/devel/share/pr_control_msgs/cmake/pr_control_msgs-msg-paths.cmake)
Linked: (/home/csci545/ros_ws/devel/.private/pr_control_msgs/share/pr_control_msgs/cmake/pr_control_msgsConfig.cmake, /home/csci545/ros_ws/devel/share/pr_control_msgs/cmake/pr_control_msgsConfig.cmake)
Linked: (/home/csci545/ros_ws/devel/.private/pr_control_msgs/share/pr_control_msgs/cmake/pr_control_msgs-msg-extras.cmake, /home/csci545/ros_ws/devel/share/pr_control_msgs/cmake/pr_control_msgs-msg-extras.cmake)
Linked: (/home/csci545/ros_ws/devel/.private/pr_control_msgs/share/roseus/ros/pr_control_msgs/manifest.l, /home/csci545/ros_ws/devel/share/roseus/ros/pr_control_msgs/manifest.l)
Linked: (/home/csci545/ros_ws/devel/.private/pr_control_msgs/share/roseus/ros/pr_control_msgs/msg/SetForceTorqueThresholdFeedback.l, /home/csci545/ros_ws/devel/share/roseus/ros/pr_control_msgs/msg/SetForceTorqueThresholdFeedback.l)
Linked: (/home/csci545/ros_ws/devel/.private/pr_control_msgs/share/roseus/ros/pr_control_msgs/msg/TriggerActionGoal.l, /home/csci545/ros_ws/devel/share/roseus/ros/pr_control_msgs/msg/TriggerActionGoal.l)
Linked: (/home/csci545/ros_ws/devel/.private/pr_control_msgs/share/roseus/ros/pr_control_msgs/msg/SetForceTorqueThresholdResult.l, /home/csci545/ros_ws/devel/share/roseus/ros/pr_control_msgs/msg/SetForceTorqueThresholdResult.l)
Linked: (/home/csci545/ros_ws/devel/.private/pr_control_msgs/share/roseus/ros/pr_control_msgs/msg/TriggerAction.l, /home/csci545/ros_ws/devel/share/roseus/ros/pr_control_msgs/msg/TriggerAction.l)
Linked: (/home/csci545/ros_ws/devel/.private/pr_control_msgs/share/roseus/ros/pr_control_msgs/msg/SetForceTorqueThresholdActionFeedback.l, /home/csci545/ros_ws/devel/share/roseus/ros/pr_control_msgs/msg/SetForceTorqueThresholdActionFeedback.l)
Linked: (/home/csci545/ros_ws/devel/.private/pr_control_msgs/share/roseus/ros/pr_control_msgs/msg/TriggerResult.l, /home/csci545/ros_ws/devel/share/roseus/ros/pr_control_msgs/msg/TriggerResult.l)
Linked: (/home/csci545/ros_ws/devel/.private/pr_control_msgs/share/roseus/ros/pr_control_msgs/msg/SetPositionResult.l, /home/csci545/ros_ws/devel/share/roseus/ros/pr_control_msgs/msg/SetPositionResult.l)
Linked: (/home/csci545/ros_ws/devel/.private/pr_control_msgs/share/roseus/ros/pr_control_msgs/msg/SetForceTorqueThresholdActionGoal.l, /home/csci545/ros_ws/devel/share/roseus/ros/pr_control_msgs/msg/SetForceTorqueThresholdActionGoal.l)
Linked: (/home/csci545/ros_ws/devel/.private/pr_control_msgs/share/roseus/ros/pr_control_msgs/msg/SetPositionFeedback.l, /home/csci545/ros_ws/devel/share/roseus/ros/pr_control_msgs/msg/SetPositionFeedback.l)
Linked: (/home/csci545/ros_ws/devel/.private/pr_control_msgs/share/roseus/ros/pr_control_msgs/msg/SetForceTorqueThresholdAction.l, /home/csci545/ros_ws/devel/share/roseus/ros/pr_control_msgs/msg/SetForceTorqueThresholdAction.l)
Linked: (/home/csci545/ros_ws/devel/.private/pr_control_msgs/share/roseus/ros/pr_control_msgs/msg/SetPositionActionGoal.l, /home/csci545/ros_ws/devel/share/roseus/ros/pr_control_msgs/msg/SetPositionActionGoal.l)
Linked: (/home/csci545/ros_ws/devel/.private/pr_control_msgs/share/roseus/ros/pr_control_msgs/msg/SetPositionGoal.l, /home/csci545/ros_ws/devel/share/roseus/ros/pr_control_msgs/msg/SetPositionGoal.l)
Linked: (/home/csci545/ros_ws/devel/.private/pr_control_msgs/share/roseus/ros/pr_control_msgs/msg/TriggerFeedback.l, /home/csci545/ros_ws/devel/share/roseus/ros/pr_control_msgs/msg/TriggerFeedback.l)
Linked: (/home/csci545/ros_ws/devel/.private/pr_control_msgs/share/roseus/ros/pr_control_msgs/msg/SetForceTorqueThresholdActionResult.l, /home/csci545/ros_ws/devel/share/roseus/ros/pr_control_msgs/msg/SetForceTorqueThresholdActionResult.l)
Linked: (/home/csci545/ros_ws/devel/.private/pr_control_msgs/share/roseus/ros/pr_control_msgs/msg/SetPositionAction.l, /home/csci545/ros_ws/devel/share/roseus/ros/pr_control_msgs/msg/SetPositionAction.l)
Linked: (/home/csci545/ros_ws/devel/.private/pr_control_msgs/share/roseus/ros/pr_control_msgs/msg/SetPositionActionResult.l, /home/csci545/ros_ws/devel/share/roseus/ros/pr_control_msgs/msg/SetPositionActionResult.l)
Linked: (/home/csci545/ros_ws/devel/.private/pr_control_msgs/share/roseus/ros/pr_control_msgs/msg/SetPositionActionFeedback.l, /home/csci545/ros_ws/devel/share/roseus/ros/pr_control_msgs/msg/SetPositionActionFeedback.l)
Linked: (/home/csci545/ros_ws/devel/.private/pr_control_msgs/share/roseus/ros/pr_control_msgs/msg/TriggerActionFeedback.l, /home/csci545/ros_ws/devel/share/roseus/ros/pr_control_msgs/msg/TriggerActionFeedback.l)
Linked: (/home/csci545/ros_ws/devel/.private/pr_control_msgs/share/roseus/ros/pr_control_msgs/msg/TriggerActionResult.l, /home/csci545/ros_ws/devel/share/roseus/ros/pr_control_msgs/msg/TriggerActionResult.l)
Linked: (/home/csci545/ros_ws/devel/.private/pr_control_msgs/share/roseus/ros/pr_control_msgs/msg/TriggerGoal.l, /home/csci545/ros_ws/devel/share/roseus/ros/pr_control_msgs/msg/TriggerGoal.l)
Linked: (/home/csci545/ros_ws/devel/.private/pr_control_msgs/share/roseus/ros/pr_control_msgs/msg/SetForceTorqueThresholdGoal.l, /home/csci545/ros_ws/devel/share/roseus/ros/pr_control_msgs/msg/SetForceTorqueThresholdGoal.l)
