Not searching for unused variables given on the command line.
[36m--[0m The C compiler identification is GNU 9.4.0
[36m--[0m The CXX compiler identification is GNU 9.4.0
[36m--[0m Check for working C compiler: /usr/bin/cc
[36m--[0m Check for working C compiler: /usr/bin/cc -- works
[36m--[0m Detecting C compiler ABI info
[36m--[0m Detecting C compiler ABI info - done
[36m--[0m Detecting C compile features
[36m--[0m Detecting C compile features - done
[36m--[0m Check for working CXX compiler: /usr/bin/c++
[36m--[0m Check for working CXX compiler: /usr/bin/c++ -- works
[36m--[0m Detecting CXX compiler ABI info
[36m--[0m Detecting CXX compiler ABI info - done
[36m--[0m Detecting CXX compile features
[36m--[0m Detecting CXX compile features - done
[36m--[0m Found PythonInterp: /usr/bin/python3.8 (found suitable version "3.8.10", minimum required is "3.8")
[36m--[0m Found TINYXML2: /usr/include (found version "6.2.0")
[36m--[0m Found CCD: /usr/include (found version "2.0")
[36m--[0m Found FCL: /usr/include (found version "0.5.0")
[36m--[0m Found ASSIMP: /usr/include (found version "5.0.0")
[36m--[0m Found DART: /usr/local/include (Required is at least version "6.6.2") found components: utils dart
[36m--[0m Found aikido: /home/csci545/ros_ws/devel/include (Required is at least version "0.3.0") found components: common constraint control control_ros distance planner planner_kunzretimer planner_ompl planner_parabolic planner_vectorfield planner_kunzretimer robot statespace io rviz
[36m--[0m Found PythonLibs: /usr/lib/aarch64-linux-gnu/libpython3.8.so (found suitable version "3.8.10", minimum required is "2.7")
[36m--[0m Found Boost: /usr/lib/aarch64-linux-gnu/cmake/Boost-1.71.0/BoostConfig.cmake (found version "1.71.0") found components: python
[36m--[0m Using CATKIN_DEVEL_PREFIX: /home/csci545/ros_ws/build/libada/devel
[36m--[0m Using CMAKE_PREFIX_PATH: /home/csci545/ros_ws/devel;/opt/ros/noetic
[36m--[0m This workspace overlays: /home/csci545/ros_ws/devel;/opt/ros/noetic
[36m--[0m Found PythonInterp: /usr/bin/python3.8 (found suitable version "3.8.10", minimum required is "3")
[36m--[0m Using PYTHON_EXECUTABLE: /usr/bin/python3.8
[36m--[0m Using Debian Python package layout
[36m--[0m Found PY_em: /usr/lib/python3/dist-packages/em.py
[36m--[0m Using empy: /usr/lib/python3/dist-packages/em.py
[36m--[0m Using CATKIN_ENABLE_TESTING: ON
[36m--[0m Call enable_testing()
[36m--[0m Using CATKIN_TEST_RESULTS_DIR: /home/csci545/ros_ws/build/libada/test_results
[36m--[0m Forcing gtest/gmock from source, though one was otherwise available.
[36m--[0m Found gtest sources under '/usr/src/googletest': gtests will be built
[36m--[0m Found gmock sources under '/usr/src/googletest': gmock will be built
[36m--[0m Found PythonInterp: /usr/bin/python3.8 (found version "3.8.10")
[36m--[0m Found Threads: TRUE
[36m--[0m Using Python nosetests: /usr/bin/nosetests3
[36m--[0m catkin 0.8.10
[36m--[0m BUILD_SHARED_LIBS is on
[36m--[0m Found PythonLibs: /usr/lib/aarch64-linux-gnu/libpython3.8.so
[36m--[0m Performing Test HAS_CPP14_FLAG
[36m--[0m Performing Test HAS_CPP14_FLAG - Success
[36m--[0m Performing Test HAS_FLTO
[36m--[0m Performing Test HAS_FLTO - Success
[36m--[0m LTO enabled
[36m--[0m Looking for clang-format - NOT found, please install clang-format-3.8 to enable automatic code formatting.
[36m--[0m Configuring done
[36m--[0m Generating done
[36m--[0m Build files have been written to: /home/csci545/ros_ws/build/libada
