Linked: (/home/csci545/ros_ws/devel/.private/pybind11_catkin/lib/pkgconfig/pybind11_catkin.pc, /home/csci545/ros_ws/devel/lib/pkgconfig/pybind11_catkin.pc)
Linked: (/home/csci545/ros_ws/devel/.private/pybind11_catkin/include/pybind11_catkin/pybind11/eval.h, /home/csci545/ros_ws/devel/include/pybind11_catkin/pybind11/eval.h)
Linked: (/home/csci545/ros_ws/devel/.private/pybind11_catkin/include/pybind11_catkin/pybind11/stl_bind.h, /home/csci545/ros_ws/devel/include/pybind11_catkin/pybind11/stl_bind.h)
Linked: (/home/csci545/ros_ws/devel/.private/pybind11_catkin/include/pybind11_catkin/pybind11/complex.h, /home/csci545/ros_ws/devel/include/pybind11_catkin/pybind11/complex.h)
Linked: (/home/csci545/ros_ws/devel/.private/pybind11_catkin/include/pybind11_catkin/pybind11/common.h, /home/csci545/ros_ws/devel/include/pybind11_catkin/pybind11/common.h)
Linked: (/home/csci545/ros_ws/devel/.private/pybind11_catkin/include/pybind11_catkin/pybind11/cast.h, /home/csci545/ros_ws/devel/include/pybind11_catkin/pybind11/cast.h)
Linked: (/home/csci545/ros_ws/devel/.private/pybind11_catkin/include/pybind11_catkin/pybind11/buffer_info.h, /home/csci545/ros_ws/devel/include/pybind11_catkin/pybind11/buffer_info.h)
Linked: (/home/csci545/ros_ws/devel/.private/pybind11_catkin/include/pybind11_catkin/pybind11/functional.h, /home/csci545/ros_ws/devel/include/pybind11_catkin/pybind11/functional.h)
Linked: (/home/csci545/ros_ws/devel/.private/pybind11_catkin/include/pybind11_catkin/pybind11/numpy.h, /home/csci545/ros_ws/devel/include/pybind11_catkin/pybind11/numpy.h)
Linked: (/home/csci545/ros_ws/devel/.private/pybind11_catkin/include/pybind11_catkin/pybind11/embed.h, /home/csci545/ros_ws/devel/include/pybind11_catkin/pybind11/embed.h)
Linked: (/home/csci545/ros_ws/devel/.private/pybind11_catkin/include/pybind11_catkin/pybind11/operators.h, /home/csci545/ros_ws/devel/include/pybind11_catkin/pybind11/operators.h)
Linked: (/home/csci545/ros_ws/devel/.private/pybind11_catkin/include/pybind11_catkin/pybind11/pytypes.h, /home/csci545/ros_ws/devel/include/pybind11_catkin/pybind11/pytypes.h)
Linked: (/home/csci545/ros_ws/devel/.private/pybind11_catkin/include/pybind11_catkin/pybind11/options.h, /home/csci545/ros_ws/devel/include/pybind11_catkin/pybind11/options.h)
Linked: (/home/csci545/ros_ws/devel/.private/pybind11_catkin/include/pybind11_catkin/pybind11/stl.h, /home/csci545/ros_ws/devel/include/pybind11_catkin/pybind11/stl.h)
Linked: (/home/csci545/ros_ws/devel/.private/pybind11_catkin/include/pybind11_catkin/pybind11/iostream.h, /home/csci545/ros_ws/devel/include/pybind11_catkin/pybind11/iostream.h)
Linked: (/home/csci545/ros_ws/devel/.private/pybind11_catkin/include/pybind11_catkin/pybind11/attr.h, /home/csci545/ros_ws/devel/include/pybind11_catkin/pybind11/attr.h)
Linked: (/home/csci545/ros_ws/devel/.private/pybind11_catkin/include/pybind11_catkin/pybind11/chrono.h, /home/csci545/ros_ws/devel/include/pybind11_catkin/pybind11/chrono.h)
Linked: (/home/csci545/ros_ws/devel/.private/pybind11_catkin/include/pybind11_catkin/pybind11/eigen.h, /home/csci545/ros_ws/devel/include/pybind11_catkin/pybind11/eigen.h)
Linked: (/home/csci545/ros_ws/devel/.private/pybind11_catkin/include/pybind11_catkin/pybind11/pybind11.h, /home/csci545/ros_ws/devel/include/pybind11_catkin/pybind11/pybind11.h)
Linked: (/home/csci545/ros_ws/devel/.private/pybind11_catkin/include/pybind11_catkin/pybind11/detail/common.h, /home/csci545/ros_ws/devel/include/pybind11_catkin/pybind11/detail/common.h)
Linked: (/home/csci545/ros_ws/devel/.private/pybind11_catkin/include/pybind11_catkin/pybind11/detail/descr.h, /home/csci545/ros_ws/devel/include/pybind11_catkin/pybind11/detail/descr.h)
Linked: (/home/csci545/ros_ws/devel/.private/pybind11_catkin/include/pybind11_catkin/pybind11/detail/init.h, /home/csci545/ros_ws/devel/include/pybind11_catkin/pybind11/detail/init.h)
Linked: (/home/csci545/ros_ws/devel/.private/pybind11_catkin/include/pybind11_catkin/pybind11/detail/class.h, /home/csci545/ros_ws/devel/include/pybind11_catkin/pybind11/detail/class.h)
Linked: (/home/csci545/ros_ws/devel/.private/pybind11_catkin/include/pybind11_catkin/pybind11/detail/typeid.h, /home/csci545/ros_ws/devel/include/pybind11_catkin/pybind11/detail/typeid.h)
Linked: (/home/csci545/ros_ws/devel/.private/pybind11_catkin/include/pybind11_catkin/pybind11/detail/internals.h, /home/csci545/ros_ws/devel/include/pybind11_catkin/pybind11/detail/internals.h)
Linked: (/home/csci545/ros_ws/devel/.private/pybind11_catkin/share/pybind11_catkin/cmake/pybind11_catkin.cmake, /home/csci545/ros_ws/devel/share/pybind11_catkin/cmake/pybind11_catkin.cmake)
Linked: (/home/csci545/ros_ws/devel/.private/pybind11_catkin/share/pybind11_catkin/cmake/pybind11Tools.cmake, /home/csci545/ros_ws/devel/share/pybind11_catkin/cmake/pybind11Tools.cmake)
Linked: (/home/csci545/ros_ws/devel/.private/pybind11_catkin/share/pybind11_catkin/cmake/FindPythonLibsNew.cmake, /home/csci545/ros_ws/devel/share/pybind11_catkin/cmake/FindPythonLibsNew.cmake)
Linked: (/home/csci545/ros_ws/devel/.private/pybind11_catkin/share/pybind11_catkin/cmake/pybind11_catkinConfig-version.cmake, /home/csci545/ros_ws/devel/share/pybind11_catkin/cmake/pybind11_catkinConfig-version.cmake)
Linked: (/home/csci545/ros_ws/devel/.private/pybind11_catkin/share/pybind11_catkin/cmake/pybind11_catkinConfig.cmake, /home/csci545/ros_ws/devel/share/pybind11_catkin/cmake/pybind11_catkinConfig.cmake)
