CMake Error at pybind11_src-stamp/download-pybind11_src.cmake:159 (message):
  Each download failed!

    error: downloading 'https://github.com/pybind/pybind11/archive/v2.2.4.zip' failed
         status_code: 6
         status_string: "Couldn't resolve host name"
         log:
         --- LOG BEGIN ---
         Could not resolve host: github.com

  Closing connection 0

  

         --- LOG END ---
         error: downloading 'https://github.com/pybind/pybind11/archive/v2.2.4.zip' failed
         status_code: 6
         status_string: "Couldn't resolve host name"
         log:
         --- LOG BEGIN ---
         Could not resolve host: github.com

  Closing connection 0

  

         --- LOG END ---
         error: downloading 'https://github.com/pybind/pybind11/archive/v2.2.4.zip' failed
         status_code: 6
         status_string: "Couldn't resolve host name"
         log:
         --- LOG BEGIN ---
         Could not resolve host: github.com

  Closing connection 0

  

         --- LOG END ---
         error: downloading 'https://github.com/pybind/pybind11/archive/v2.2.4.zip' failed
         status_code: 6
         status_string: "Couldn't resolve host name"
         log:
         --- LOG BEGIN ---
         Could not resolve host: github.com

  Closing connection 0

  

         --- LOG END ---
         error: downloading 'https://github.com/pybind/pybind11/archive/v2.2.4.zip' failed
         status_code: 6
         status_string: "Couldn't resolve host name"
         log:
         --- LOG BEGIN ---
         Could not resolve host: github.com

  Closing connection 0

  

         --- LOG END ---
         error: downloading 'https://github.com/pybind/pybind11/archive/v2.2.4.zip' failed
         status_code: 6
         status_string: "Couldn't resolve host name"
         log:
         --- LOG BEGIN ---
         Could not resolve host: github.com

  Closing connection 0

  

         --- LOG END ---
         
    


make[2]: *** [CMakeFiles/pybind11_src.dir/build.make:92: pybind11_src-prefix/src/pybind11_src-stamp/pybind11_src-download] Error 1
make[1]: *** [CMakeFiles/Makefile2:276: CMakeFiles/pybind11_src.dir/all] Error 2
make: *** [Makefile:141: all] Error 2
