Symlinking /home/csci545/ros_ws/devel/lib/pkgconfig/pybind11_catkin.pc
Symlinking /home/csci545/ros_ws/devel/include/pybind11_catkin/pybind11/eval.h
Symlinking /home/csci545/ros_ws/devel/include/pybind11_catkin/pybind11/stl_bind.h
Symlinking /home/csci545/ros_ws/devel/include/pybind11_catkin/pybind11/complex.h
Symlinking /home/csci545/ros_ws/devel/include/pybind11_catkin/pybind11/common.h
Symlinking /home/csci545/ros_ws/devel/include/pybind11_catkin/pybind11/cast.h
Symlinking /home/csci545/ros_ws/devel/include/pybind11_catkin/pybind11/buffer_info.h
Symlinking /home/csci545/ros_ws/devel/include/pybind11_catkin/pybind11/functional.h
Symlinking /home/csci545/ros_ws/devel/include/pybind11_catkin/pybind11/numpy.h
Symlinking /home/csci545/ros_ws/devel/include/pybind11_catkin/pybind11/embed.h
Symlinking /home/csci545/ros_ws/devel/include/pybind11_catkin/pybind11/operators.h
Symlinking /home/csci545/ros_ws/devel/include/pybind11_catkin/pybind11/pytypes.h
Symlinking /home/csci545/ros_ws/devel/include/pybind11_catkin/pybind11/options.h
Symlinking /home/csci545/ros_ws/devel/include/pybind11_catkin/pybind11/stl.h
Symlinking /home/csci545/ros_ws/devel/include/pybind11_catkin/pybind11/iostream.h
Symlinking /home/csci545/ros_ws/devel/include/pybind11_catkin/pybind11/attr.h
Symlinking /home/csci545/ros_ws/devel/include/pybind11_catkin/pybind11/chrono.h
Symlinking /home/csci545/ros_ws/devel/include/pybind11_catkin/pybind11/eigen.h
Symlinking /home/csci545/ros_ws/devel/include/pybind11_catkin/pybind11/pybind11.h
Symlinking /home/csci545/ros_ws/devel/include/pybind11_catkin/pybind11/detail/common.h
Symlinking /home/csci545/ros_ws/devel/include/pybind11_catkin/pybind11/detail/descr.h
Symlinking /home/csci545/ros_ws/devel/include/pybind11_catkin/pybind11/detail/init.h
Symlinking /home/csci545/ros_ws/devel/include/pybind11_catkin/pybind11/detail/class.h
Symlinking /home/csci545/ros_ws/devel/include/pybind11_catkin/pybind11/detail/typeid.h
Symlinking /home/csci545/ros_ws/devel/include/pybind11_catkin/pybind11/detail/internals.h
Symlinking /home/csci545/ros_ws/devel/share/pybind11_catkin/cmake/pybind11_catkin.cmake
Symlinking /home/csci545/ros_ws/devel/share/pybind11_catkin/cmake/pybind11Tools.cmake
Symlinking /home/csci545/ros_ws/devel/share/pybind11_catkin/cmake/FindPythonLibsNew.cmake
Symlinking /home/csci545/ros_ws/devel/share/pybind11_catkin/cmake/pybind11_catkinConfig-version.cmake
Symlinking /home/csci545/ros_ws/devel/share/pybind11_catkin/cmake/pybind11_catkinConfig.cmake
