Not searching for unused variables given on the command line.
[36m--[0m The C compiler identification is GNU 9.4.0
[36m--[0m The CXX compiler identification is GNU 9.4.0
[36m--[0m Check for working C compiler: /usr/bin/cc
[36m--[0m Check for working C compiler: /usr/bin/cc -- works
[36m--[0m Detecting C compiler ABI info
[36m--[0m Detecting C compiler ABI info - done
[36m--[0m Detecting C compile features
[36m--[0m Detecting C compile features - done
[36m--[0m Check for working CXX compiler: /usr/bin/c++
[36m--[0m Check for working CXX compiler: /usr/bin/c++ -- works
[36m--[0m Detecting CXX compiler ABI info
[36m--[0m Detecting CXX compiler ABI info - done
[36m--[0m Detecting CXX compile features
[36m--[0m Detecting CXX compile features - done
[36m--[0m Found CCD: /usr/include (found version "2.0")
[36m--[0m Found FCL: /usr/include (found version "0.5.0")
[36m--[0m Found ASSIMP: /usr/include (found version "5.0.0")
[36m--[0m Found DART: /usr/local/include  found components: dart
[36m--[0m Found aikido: /home/csci545/ros_ws/devel/include  found components: constraint
[36m--[0m Looking for clang-format - NOT found, please install clang-format to enable automatic code formatting.
[36m--[0m Configuring done
[36m--[0m Generating done
[36m--[0m Build files have been written to: /home/csci545/ros_ws/build/pr_tsr
